<?xml version="1.0" encoding="UTF-8"?>
<!-- Generated by org.testng.reporters.JUnitReportReporter -->
<testsuite hostname="DESKTOP-LARUOSJ" failures="0" tests="5" name="QR.QrGeneration" time="44.915" errors="0" timestamp="2025-04-06T10:28:28 NPT" skipped="0">
  <testcase classname="QR.QrGeneration" name="QrGenerationWithEmptyParam" time="0.065"/>
  <testcase classname="QR.QrGeneration" name="QrGenerationWithInvalidToken" time="0.052"/>
  <testcase classname="QR.QrGeneration" name="QrGenerationWithDecimalParam" time="14.212"/>
  <testcase classname="QR.QrGeneration" name="QrGenerationWithValidParam" time="14.267"/>
  <testcase classname="QR.QrGeneration" name="QrGenerationWithAnotherValidParam" time="16.319"/>
</testsuite> <!-- QR.QrGeneration -->
