<?xml version="1.0" encoding="UTF-8"?>
<!-- Generated by org.testng.reporters.JUnitReportReporter -->
<testsuite hostname="DESKTOP-LARUOSJ" failures="0" tests="3" name="QR.QrGeneration" time="39.097" errors="0" timestamp="2025-04-04T15:44:08 NPT" skipped="0">
  <testcase classname="QR.QrGeneration" name="QrGenerationWithAnotherValidParam" time="18.232"/>
  <testcase classname="QR.QrGeneration" name="QrGenerationWithValidParam" time="14.774"/>
  <testcase classname="QR.QrGeneration" name="QrGenerationWithInvalidToken" time="6.091"/>
</testsuite> <!-- QR.QrGeneration -->
